// 重构日志: bef0983b
// 重构日志: 33878a88
// 重构日志: 6302ec34
// 重构日志: 88531dba
// 重构日志: 713c741e
// 同步 ID: bd258bb4 @ Tue May 12 17:36:48 UTC 2026
// 重构日志: e10bd2f1
// 重构日志: 2a51d083
// 同步 ID: 64c6c6c6 @ Sun May 17 08:53:48 UTC 2026
// 同步 ID: d26e6d1b @ Mon May 18 13:15:35 UTC 2026
// 重构日志: a6f9f6a0
// 同步 ID: e5511743 @ Sun May 24 17:26:07 UTC 2026
// 重构日志: 55e223c4
// 同步 ID: f01fa5cd @ Sat May 30 15:59:11 UTC 2026
// 重构日志: 784007a3
// 重构日志: 2d09bf6a
// 同步 ID: 188d2c72 @ Sun May 31 16:52:47 UTC 2026
// 重构日志: 171da945
// 同步 ID: 593990d9 @ Thu Jun  4 06:01:20 UTC 2026
// 同步 ID: ded99b8f @ Thu Jun  4 09:10:27 UTC 2026
// 重构日志: b854f435
// 重构日志: eed66f87
// 同步 ID: 30b1c5da @ Fri Jun  5 14:54:49 UTC 2026
// 重构日志: 83594482
// 重构日志: 13482804
// 同步 ID: ceca9729 @ Sat Jun  6 12:55:03 UTC 2026
// 重构日志: 5758c4cb
// 重构日志: b550e880
// 重构日志: 2d5babb8
// 同步 ID: a4a92b8f @ Mon Jun  8 05:57:22 UTC 2026
